0 info it worked if it ends with ok
1 verbose cli [ 'node', '/usr/local/bin/npm', 'install', '--save', 'hidstream' ]
2 info using npm@2.14.1
3 info using node@v0.10.38
4 verbose install initial load of /Users/Warren/QSelf/node-pi/package.json
5 verbose installManyTop reading scoped package data from /Users/Warren/QSelf/node-pi/node_modules/express/package.json
6 verbose installManyTop reading scoped package data from /Users/Warren/QSelf/node-pi/node_modules/johnny-five/package.json
7 verbose installManyTop reading scoped package data from /Users/Warren/QSelf/node-pi/node_modules/socket.io/package.json
8 verbose readDependencies loading dependencies from /Users/Warren/QSelf/node-pi/package.json
9 silly cache add args [ 'hidstream', null ]
10 verbose cache add spec hidstream
11 silly cache add parsed spec { raw: 'hidstream',
11 silly cache add   scope: null,
11 silly cache add   name: 'hidstream',
11 silly cache add   rawSpec: '',
11 silly cache add   spec: '*',
11 silly cache add   type: 'range' }
12 silly addNamed hidstream@*
13 verbose addNamed "*" is a valid semver range for hidstream
14 silly addNameRange { name: 'hidstream', range: '*', hasData: false }
15 silly mapToRegistry name hidstream
16 silly mapToRegistry using default registry
17 silly mapToRegistry registry https://registry.npmjs.org/
18 silly mapToRegistry uri https://registry.npmjs.org/hidstream
19 verbose addNameRange registry:https://registry.npmjs.org/hidstream not in flight; fetching
20 verbose request uri https://registry.npmjs.org/hidstream
21 verbose request no auth needed
22 info attempt registry request try #1 at 17:59:12
23 verbose request id 0f8efb8a2e97b100
24 http request GET https://registry.npmjs.org/hidstream
25 http 200 https://registry.npmjs.org/hidstream
26 silly get cb [ 200,
26 silly get   { server: 'CouchDB/1.5.0 (Erlang OTP/R16B03)',
26 silly get     etag: '"CJG7YOYY6S9080158DQEEBJ26"',
26 silly get     'content-type': 'application/json',
26 silly get     'cache-control': 'max-age=300',
26 silly get     'content-length': '10361',
26 silly get     'accept-ranges': 'bytes',
26 silly get     date: 'Thu, 31 Mar 2016 23:59:12 GMT',
26 silly get     via: '1.1 varnish',
26 silly get     age: '0',
26 silly get     connection: 'keep-alive',
26 silly get     'x-served-by': 'cache-dfw1839-DFW',
26 silly get     'x-cache': 'MISS',
26 silly get     'x-cache-hits': '0',
26 silly get     'x-timer': 'S1459468752.307115,VS0,VE253',
26 silly get     vary: 'Accept' } ]
27 verbose get saving hidstream to /Users/Warren/.npm/registry.npmjs.org/hidstream/.cache.json
28 silly addNameRange number 2 { name: 'hidstream', range: '*', hasData: true }
29 silly addNameRange versions [ 'hidstream',
29 silly addNameRange   [ '0.0.1',
29 silly addNameRange     '0.0.2',
29 silly addNameRange     '0.0.3',
29 silly addNameRange     '0.0.4',
29 silly addNameRange     '0.0.5',
29 silly addNameRange     '1.0.0',
29 silly addNameRange     '2.0.0',
29 silly addNameRange     '2.0.1' ] ]
30 silly addNamed hidstream@2.0.1
31 verbose addNamed "2.0.1" is a plain semver version for hidstream
32 silly mapToRegistry name hidstream
33 silly mapToRegistry using default registry
34 silly mapToRegistry registry https://registry.npmjs.org/
35 silly mapToRegistry uri https://registry.npmjs.org/hidstream
36 verbose addRemoteTarball https://registry.npmjs.org/hidstream/-/hidstream-2.0.1.tgz not in flight; adding
37 verbose addRemoteTarball [ 'https://registry.npmjs.org/hidstream/-/hidstream-2.0.1.tgz',
37 verbose addRemoteTarball   'c2819c3ed92c14447fbf463909acc3702d835548' ]
38 info retry fetch attempt 1 at 17:59:12
39 info attempt registry request try #1 at 17:59:12
40 http fetch GET https://registry.npmjs.org/hidstream/-/hidstream-2.0.1.tgz
41 http fetch 200 https://registry.npmjs.org/hidstream/-/hidstream-2.0.1.tgz
42 silly fetchAndShaCheck shasum c2819c3ed92c14447fbf463909acc3702d835548
43 verbose addTmpTarball /var/folders/vl/nd7j6wh95mb8dm0zcv300k700000gn/T/npm-21110-29446ad4/registry.npmjs.org/hidstream/-/hidstream-2.0.1.tgz not in flight; adding
44 verbose addTmpTarball already have metadata; skipping unpack for hidstream@2.0.1
45 silly cache afterAdd hidstream@2.0.1
46 verbose afterAdd /Users/Warren/.npm/hidstream/2.0.1/package/package.json not in flight; writing
47 verbose afterAdd /Users/Warren/.npm/hidstream/2.0.1/package/package.json written
48 silly install resolved [ { name: 'hidstream',
48 silly install resolved     version: '2.0.1',
48 silly install resolved     description: 'Streaming HID events in Node.js',
48 silly install resolved     main: 'index.js',
48 silly install resolved     dependencies: { 'node-hid': '^0.4.0' },
48 silly install resolved     devDependencies: {},
48 silly install resolved     repository:
48 silly install resolved      { type: 'git',
48 silly install resolved        url: 'https://github.com/emilyrose/hidstream.git' },
48 silly install resolved     keywords: [ 'HID', 'stream', 'human', 'input', 'device' ],
48 silly install resolved     author: { name: 'Emily Rose', email: 'emily@contactvibe.com' },
48 silly install resolved     license: 'MIT',
48 silly install resolved     contributors: [ [Object] ],
48 silly install resolved     gitHead: 'af49ef26902f6d3c5791752001ee7eca2db49634',
48 silly install resolved     bugs: { url: 'https://github.com/emilyrose/hidstream/issues' },
48 silly install resolved     homepage: 'https://github.com/emilyrose/hidstream',
48 silly install resolved     _id: 'hidstream@2.0.1',
48 silly install resolved     scripts: {},
48 silly install resolved     _shasum: 'c2819c3ed92c14447fbf463909acc3702d835548',
48 silly install resolved     _from: 'hidstream@*',
48 silly install resolved     _npmVersion: '2.11.3',
48 silly install resolved     _nodeVersion: '0.12.7',
48 silly install resolved     _npmUser: { name: 'nexxy', email: 'emily@contactvibe.com' },
48 silly install resolved     maintainers: [ [Object] ],
48 silly install resolved     dist:
48 silly install resolved      { shasum: 'c2819c3ed92c14447fbf463909acc3702d835548',
48 silly install resolved        tarball: 'https://registry.npmjs.org/hidstream/-/hidstream-2.0.1.tgz' },
48 silly install resolved     directories: {},
48 silly install resolved     _resolved: 'https://registry.npmjs.org/hidstream/-/hidstream-2.0.1.tgz' } ]
49 info install hidstream@2.0.1 into /Users/Warren/QSelf/node-pi
50 info installOne hidstream@2.0.1
51 verbose installOne of hidstream to /Users/Warren/QSelf/node-pi not in flight; installing
52 verbose lock using /Users/Warren/.npm/_locks/hidstream-60be7a4358e22f80.lock for /Users/Warren/QSelf/node-pi/node_modules/hidstream
53 silly install write writing hidstream 2.0.1 to /Users/Warren/QSelf/node-pi/node_modules/hidstream
54 verbose unbuild node_modules/hidstream
55 silly gentlyRm /Users/Warren/QSelf/node-pi/node_modules/hidstream is being purged from base /Users/Warren/QSelf/node-pi
56 verbose gentlyRm don't care about contents; nuking /Users/Warren/QSelf/node-pi/node_modules/hidstream
57 verbose tar unpack /Users/Warren/.npm/hidstream/2.0.1/package.tgz
58 verbose tar unpacking to /Users/Warren/QSelf/node-pi/node_modules/hidstream
59 silly gentlyRm /Users/Warren/QSelf/node-pi/node_modules/hidstream is being purged
60 verbose gentlyRm don't care about contents; nuking /Users/Warren/QSelf/node-pi/node_modules/hidstream
61 silly gunzTarPerm modes [ '755', '644' ]
62 silly gunzTarPerm extractEntry package.json
63 silly gunzTarPerm extractEntry README.md
64 silly gunzTarPerm extractEntry index.js
65 silly gunzTarPerm extractEntry .jshintrc
66 silly gunzTarPerm extractEntry lib/parser.js
67 verbose write writing to /Users/Warren/QSelf/node-pi/node_modules/hidstream/package.json
68 info preinstall hidstream@2.0.1
69 verbose readDependencies loading dependencies from /Users/Warren/QSelf/node-pi/node_modules/hidstream/package.json
70 silly prepareForInstallMany adding node-hid@^0.4.0 from hidstream dependencies
71 verbose readDependencies loading dependencies from /Users/Warren/QSelf/node-pi/node_modules/hidstream/package.json
72 silly cache add args [ 'node-hid@^0.4.0', null ]
73 verbose cache add spec node-hid@^0.4.0
74 silly cache add parsed spec { raw: 'node-hid@^0.4.0',
74 silly cache add   scope: null,
74 silly cache add   name: 'node-hid',
74 silly cache add   rawSpec: '^0.4.0',
74 silly cache add   spec: '>=0.4.0 <0.5.0',
74 silly cache add   type: 'range' }
75 silly addNamed node-hid@>=0.4.0 <0.5.0
76 verbose addNamed ">=0.4.0 <0.5.0" is a valid semver range for node-hid
77 silly addNameRange { name: 'node-hid', range: '>=0.4.0 <0.5.0', hasData: false }
78 silly mapToRegistry name node-hid
79 silly mapToRegistry using default registry
80 silly mapToRegistry registry https://registry.npmjs.org/
81 silly mapToRegistry uri https://registry.npmjs.org/node-hid
82 verbose addNameRange registry:https://registry.npmjs.org/node-hid not in flight; fetching
83 verbose request uri https://registry.npmjs.org/node-hid
84 verbose request no auth needed
85 info attempt registry request try #1 at 17:59:13
86 http request GET https://registry.npmjs.org/node-hid
87 http 200 https://registry.npmjs.org/node-hid
88 silly get cb [ 200,
88 silly get   { server: 'CouchDB/1.5.0 (Erlang OTP/R16B03)',
88 silly get     etag: '"6PD7I7DBGDLQBPDLTE2ERM9DB"',
88 silly get     'content-type': 'application/json',
88 silly get     'cache-control': 'max-age=300',
88 silly get     'content-length': '23261',
88 silly get     'accept-ranges': 'bytes',
88 silly get     date: 'Thu, 31 Mar 2016 23:59:13 GMT',
88 silly get     via: '1.1 varnish',
88 silly get     age: '0',
88 silly get     connection: 'keep-alive',
88 silly get     'x-served-by': 'cache-dfw1840-DFW',
88 silly get     'x-cache': 'MISS',
88 silly get     'x-cache-hits': '0',
88 silly get     'x-timer': 'S1459468753.168018,VS0,VE243',
88 silly get     vary: 'Accept' } ]
89 verbose get saving node-hid to /Users/Warren/.npm/registry.npmjs.org/node-hid/.cache.json
90 silly addNameRange number 2 { name: 'node-hid', range: '>=0.4.0 <0.5.0', hasData: true }
91 silly addNameRange versions [ 'node-hid',
91 silly addNameRange   [ '0.0.13',
91 silly addNameRange     '0.0.14',
91 silly addNameRange     '0.0.15',
91 silly addNameRange     '0.1.0',
91 silly addNameRange     '0.1.1',
91 silly addNameRange     '0.2.0',
91 silly addNameRange     '0.2.1',
91 silly addNameRange     '0.2.2',
91 silly addNameRange     '0.2.3',
91 silly addNameRange     '0.3.1',
91 silly addNameRange     '0.3.2',
91 silly addNameRange     '0.4.0',
91 silly addNameRange     '0.4.1',
91 silly addNameRange     '0.5.0',
91 silly addNameRange     '0.5.1' ] ]
92 silly addNamed node-hid@0.4.1
93 verbose addNamed "0.4.1" is a plain semver version for node-hid
94 warn deprecated node-hid@0.4.1: bad semver, NANv2 change means we shoudl be v0.5.0, NANv1 is 0.4.0
95 silly mapToRegistry name node-hid
96 silly mapToRegistry using default registry
97 silly mapToRegistry registry https://registry.npmjs.org/
98 silly mapToRegistry uri https://registry.npmjs.org/node-hid
99 verbose addRemoteTarball https://registry.npmjs.org/node-hid/-/node-hid-0.4.1.tgz not in flight; adding
100 verbose addRemoteTarball [ 'https://registry.npmjs.org/node-hid/-/node-hid-0.4.1.tgz',
100 verbose addRemoteTarball   'a7c2277fad8c01b6a2b8d05b58ae853c7a2669e2' ]
101 info retry fetch attempt 1 at 17:59:13
102 info attempt registry request try #1 at 17:59:13
103 http fetch GET https://registry.npmjs.org/node-hid/-/node-hid-0.4.1.tgz
104 http fetch 200 https://registry.npmjs.org/node-hid/-/node-hid-0.4.1.tgz
105 silly fetchAndShaCheck shasum a7c2277fad8c01b6a2b8d05b58ae853c7a2669e2
106 verbose addTmpTarball /var/folders/vl/nd7j6wh95mb8dm0zcv300k700000gn/T/npm-21110-29446ad4/registry.npmjs.org/node-hid/-/node-hid-0.4.1.tgz not in flight; adding
107 verbose addTmpTarball already have metadata; skipping unpack for node-hid@0.4.1
108 silly cache afterAdd node-hid@0.4.1
109 verbose afterAdd /Users/Warren/.npm/node-hid/0.4.1/package/package.json not in flight; writing
110 verbose afterAdd /Users/Warren/.npm/node-hid/0.4.1/package/package.json written
111 silly install resolved [ { name: 'node-hid',
111 silly install resolved     description: 'USB HID device access library',
111 silly install resolved     version: '0.4.1',
111 silly install resolved     author:
111 silly install resolved      { name: 'Hans Hübner',
111 silly install resolved        email: 'hans.huebner@gmail.com',
111 silly install resolved        url: 'https://github.com/hanshuebner' },
111 silly install resolved     contributors: [ [Object] ],
111 silly install resolved     repository: { type: 'git', url: 'git://github.com/node-hid/node-hid.git' },
111 silly install resolved     scripts:
111 silly install resolved      { prepublish: 'git submodule update --init',
111 silly install resolved        install: 'node-gyp rebuild' },
111 silly install resolved     main: './index.js',
111 silly install resolved     engines: { node: '>=0.8.0' },
111 silly install resolved     license: 'MIT/X11',
111 silly install resolved     dependencies: { nan: '^2.0.9' },
111 silly install resolved     devDependencies: {},
111 silly install resolved     gypfile: true,
111 silly install resolved     gitHead: 'cb4f86540f46f57eb57840ca1a696b89bfd7c866',
111 silly install resolved     bugs: { url: 'https://github.com/node-hid/node-hid/issues' },
111 silly install resolved     homepage: 'https://github.com/node-hid/node-hid#readme',
111 silly install resolved     _id: 'node-hid@0.4.1',
111 silly install resolved     _shasum: 'a7c2277fad8c01b6a2b8d05b58ae853c7a2669e2',
111 silly install resolved     _from: 'node-hid@>=0.4.0 <0.5.0',
111 silly install resolved     _npmVersion: '3.3.5',
111 silly install resolved     _nodeVersion: '4.1.1',
111 silly install resolved     _npmUser: { name: 'todbot', email: 'todbotdotcom@gmail.com' },
111 silly install resolved     dist:
111 silly install resolved      { shasum: 'a7c2277fad8c01b6a2b8d05b58ae853c7a2669e2',
111 silly install resolved        tarball: 'https://registry.npmjs.org/node-hid/-/node-hid-0.4.1.tgz' },
111 silly install resolved     maintainers: [ [Object], [Object], [Object], [Object], [Object] ],
111 silly install resolved     deprecated: 'bad semver, NANv2 change means we shoudl be v0.5.0, NANv1 is 0.4.0',
111 silly install resolved     directories: {},
111 silly install resolved     _resolved: 'https://registry.npmjs.org/node-hid/-/node-hid-0.4.1.tgz' } ]
112 info install node-hid@0.4.1 into /Users/Warren/QSelf/node-pi/node_modules/hidstream
113 info installOne node-hid@0.4.1
114 verbose installOne of node-hid to /Users/Warren/QSelf/node-pi/node_modules/hidstream not in flight; installing
115 verbose lock using /Users/Warren/.npm/_locks/node-hid-b95950cf88f1a270.lock for /Users/Warren/QSelf/node-pi/node_modules/hidstream/node_modules/node-hid
116 silly install write writing node-hid 0.4.1 to /Users/Warren/QSelf/node-pi/node_modules/hidstream/node_modules/node-hid
117 verbose unbuild node_modules/hidstream/node_modules/node-hid
118 silly gentlyRm /Users/Warren/QSelf/node-pi/node_modules/hidstream/node_modules/node-hid is being purged from base /Users/Warren/QSelf/node-pi
119 verbose gentlyRm don't care about contents; nuking /Users/Warren/QSelf/node-pi/node_modules/hidstream/node_modules/node-hid
120 verbose tar unpack /Users/Warren/.npm/node-hid/0.4.1/package.tgz
121 verbose tar unpacking to /Users/Warren/QSelf/node-pi/node_modules/hidstream/node_modules/node-hid
122 silly gentlyRm /Users/Warren/QSelf/node-pi/node_modules/hidstream/node_modules/node-hid is being purged
123 verbose gentlyRm don't care about contents; nuking /Users/Warren/QSelf/node-pi/node_modules/hidstream/node_modules/node-hid
124 silly gunzTarPerm modes [ '755', '644' ]
125 silly gunzTarPerm extractEntry package.json
126 silly gunzTarPerm extractEntry .npmignore
127 silly gunzTarPerm extractEntry README.md
128 silly gunzTarPerm extractEntry index.js
129 silly gunzTarPerm extractEntry hidapi/.npmignore
130 silly gunzTarPerm extractEntry hidapi/configure.ac
131 silly gunzTarPerm extractEntry hidapi/AUTHORS.txt
132 silly gunzTarPerm extractEntry hidapi/HACKING.txt
133 silly gunzTarPerm extractEntry hidapi/LICENSE-bsd.txt
134 silly gunzTarPerm extractEntry hidapi/LICENSE-gpl3.txt
135 silly gunzTarPerm extractEntry hidapi/LICENSE-orig.txt
136 silly gunzTarPerm extractEntry hidapi/LICENSE.txt
137 silly gunzTarPerm extractEntry hidapi/Makefile.am
138 silly gunzTarPerm extractEntry hidapi/README.txt
139 silly gunzTarPerm extractEntry hidapi/android/jni/Android.mk
140 silly gunzTarPerm extractEntry hidapi/bootstrap
141 silly gunzTarPerm extractEntry hidapi/.gitattributes
142 silly gunzTarPerm extractEntry hidapi/doxygen/Doxyfile
143 silly gunzTarPerm extractEntry hidapi/hidapi/hidapi.h
144 silly gunzTarPerm extractEntry hidapi/hidtest/.npmignore
145 silly gunzTarPerm extractEntry hidapi/hidtest/Makefile.am
146 silly gunzTarPerm extractEntry hidapi/hidtest/hidtest.cpp
147 silly gunzTarPerm extractEntry hidapi/libusb/.npmignore
148 silly gunzTarPerm extractEntry hidapi/libusb/Makefile-manual
149 silly gunzTarPerm extractEntry hidapi/libusb/Makefile.am
150 silly gunzTarPerm extractEntry hidapi/libusb/Makefile.freebsd
151 silly gunzTarPerm extractEntry hidapi/libusb/Makefile.linux
152 silly gunzTarPerm extractEntry hidapi/libusb/hid.c
153 silly gunzTarPerm extractEntry hidapi/linux/.npmignore
154 silly gunzTarPerm extractEntry hidapi/linux/Makefile-manual
155 silly gunzTarPerm extractEntry hidapi/linux/Makefile.am
156 silly gunzTarPerm extractEntry hidapi/linux/README.txt
157 silly gunzTarPerm extractEntry hidapi/linux/hid.c
158 silly gunzTarPerm extractEntry hidapi/m4/.npmignore
159 silly gunzTarPerm extractEntry hidapi/m4/ax_pthread.m4
160 silly gunzTarPerm extractEntry hidapi/m4/pkg.m4
161 silly gunzTarPerm extractEntry hidapi/mac/.npmignore
162 silly gunzTarPerm extractEntry hidapi/mac/Makefile-manual
163 silly gunzTarPerm extractEntry hidapi/mac/Makefile.am
164 silly gunzTarPerm extractEntry hidapi/mac/hid.c
165 silly gunzTarPerm extractEntry hidapi/pc/.npmignore
166 silly gunzTarPerm extractEntry hidapi/pc/hidapi-hidraw.pc.in
167 silly gunzTarPerm extractEntry hidapi/pc/hidapi-libusb.pc.in
168 silly gunzTarPerm extractEntry hidapi/pc/hidapi.pc.in
169 silly gunzTarPerm extractEntry hidapi/testgui/.npmignore
170 silly gunzTarPerm extractEntry hidapi/testgui/testgui.vcproj
171 silly gunzTarPerm extractEntry hidapi/testgui/Makefile.am
172 silly gunzTarPerm extractEntry hidapi/testgui/Makefile.freebsd
173 silly gunzTarPerm extractEntry hidapi/testgui/Makefile.linux
174 silly gunzTarPerm extractEntry hidapi/testgui/Makefile.mac
175 silly gunzTarPerm extractEntry hidapi/testgui/Makefile.mingw
176 silly gunzTarPerm extractEntry hidapi/testgui/TestGUI.app.in/Contents/Info.plist
177 silly gunzTarPerm extractEntry hidapi/testgui/TestGUI.app.in/Contents/PkgInfo
178 silly gunzTarPerm extractEntry hidapi/testgui/TestGUI.app.in/Contents/Resources/English.lproj/InfoPlist.strings
179 silly gunzTarPerm extractEntry hidapi/testgui/TestGUI.app.in/Contents/Resources/Signal11.icns
180 silly gunzTarPerm extractEntry hidapi/testgui/Makefile-manual
181 silly gunzTarPerm extractEntry hidapi/testgui/mac_support.cpp
182 silly gunzTarPerm extractEntry hidapi/testgui/mac_support.h
183 silly gunzTarPerm extractEntry hidapi/testgui/mac_support_cocoa.m
184 silly gunzTarPerm extractEntry hidapi/testgui/start.sh
185 silly gunzTarPerm extractEntry hidapi/testgui/test.cpp
186 silly gunzTarPerm extractEntry hidapi/testgui/testgui.sln
187 silly gunzTarPerm extractEntry hidapi/testgui/copy_to_bundle.sh
188 silly gunzTarPerm extractEntry hidapi/udev/99-hid.rules
189 silly gunzTarPerm extractEntry hidapi/windows/.npmignore
190 silly gunzTarPerm extractEntry hidapi/windows/Makefile-manual
191 silly gunzTarPerm extractEntry hidapi/windows/Makefile.am
192 silly gunzTarPerm extractEntry hidapi/windows/Makefile.mingw
193 silly gunzTarPerm extractEntry hidapi/windows/ddk_build/.npmignore
194 silly gunzTarPerm extractEntry hidapi/windows/ddk_build/hidapi.def
195 silly gunzTarPerm extractEntry hidapi/windows/ddk_build/makefile
196 silly gunzTarPerm extractEntry hidapi/windows/ddk_build/sources
197 silly gunzTarPerm extractEntry hidapi/windows/hid.c
198 silly gunzTarPerm extractEntry hidapi/windows/hidapi.sln
199 silly gunzTarPerm extractEntry hidapi/windows/hidapi.vcproj
200 silly gunzTarPerm extractEntry hidapi/windows/hidtest.vcproj
201 silly gunzTarPerm extractEntry .gitmodules
202 silly gunzTarPerm extractEntry install.sh
203 silly gunzTarPerm extractEntry binding.gyp
204 silly gunzTarPerm extractEntry src/.npmignore
205 silly gunzTarPerm extractEntry src/buzzers.js
206 silly gunzTarPerm extractEntry src/powermate.js
207 silly gunzTarPerm extractEntry src/show-devices.js
208 silly gunzTarPerm extractEntry src/test-buzzers.js
209 silly gunzTarPerm extractEntry src/test-powermate.js
210 silly gunzTarPerm extractEntry src/test-ps3-tod.js
211 silly gunzTarPerm extractEntry src/test-ps3.js
212 silly gunzTarPerm extractEntry src/HID.cc
213 silly gunzTarPerm extractEntry src/wscript
214 verbose write writing to /Users/Warren/QSelf/node-pi/node_modules/hidstream/node_modules/node-hid/package.json
215 info preinstall node-hid@0.4.1
216 verbose readDependencies loading dependencies from /Users/Warren/QSelf/node-pi/node_modules/hidstream/node_modules/node-hid/package.json
217 silly prepareForInstallMany adding nan@^2.0.9 from node-hid dependencies
218 verbose readDependencies loading dependencies from /Users/Warren/QSelf/node-pi/node_modules/hidstream/node_modules/node-hid/package.json
219 silly cache add args [ 'nan@^2.0.9', null ]
220 verbose cache add spec nan@^2.0.9
221 silly cache add parsed spec { raw: 'nan@^2.0.9',
221 silly cache add   scope: null,
221 silly cache add   name: 'nan',
221 silly cache add   rawSpec: '^2.0.9',
221 silly cache add   spec: '>=2.0.9 <3.0.0',
221 silly cache add   type: 'range' }
222 silly addNamed nan@>=2.0.9 <3.0.0
223 verbose addNamed ">=2.0.9 <3.0.0" is a valid semver range for nan
224 silly addNameRange { name: 'nan', range: '>=2.0.9 <3.0.0', hasData: false }
225 silly mapToRegistry name nan
226 silly mapToRegistry using default registry
227 silly mapToRegistry registry https://registry.npmjs.org/
228 silly mapToRegistry uri https://registry.npmjs.org/nan
229 verbose addNameRange registry:https://registry.npmjs.org/nan not in flight; fetching
230 verbose request uri https://registry.npmjs.org/nan
231 verbose request no auth needed
232 info attempt registry request try #1 at 17:59:14
233 verbose etag "2UZKQOUIL0TMX4WY7FZ5Q5HJQ"
234 http request GET https://registry.npmjs.org/nan
235 http 304 https://registry.npmjs.org/nan
236 silly get cb [ 304,
236 silly get   { date: 'Thu, 31 Mar 2016 23:59:14 GMT',
236 silly get     via: '1.1 varnish',
236 silly get     'cache-control': 'max-age=300',
236 silly get     etag: '"2UZKQOUIL0TMX4WY7FZ5Q5HJQ"',
236 silly get     age: '229',
236 silly get     connection: 'keep-alive',
236 silly get     'x-served-by': 'cache-dfw1831-DFW',
236 silly get     'x-cache': 'HIT',
236 silly get     'x-cache-hits': '5',
236 silly get     'x-timer': 'S1459468754.354095,VS0,VE0',
236 silly get     vary: 'Accept' } ]
237 verbose etag https://registry.npmjs.org/nan from cache
238 verbose get saving nan to /Users/Warren/.npm/registry.npmjs.org/nan/.cache.json
239 silly addNameRange number 2 { name: 'nan', range: '>=2.0.9 <3.0.0', hasData: true }
240 silly addNameRange versions [ 'nan',
240 silly addNameRange   [ '0.3.0-wip',
240 silly addNameRange     '0.3.0-wip2',
240 silly addNameRange     '0.3.0',
240 silly addNameRange     '0.3.1',
240 silly addNameRange     '0.3.2',
240 silly addNameRange     '0.4.0',
240 silly addNameRange     '0.4.1',
240 silly addNameRange     '0.4.2',
240 silly addNameRange     '0.4.3',
240 silly addNameRange     '0.4.4',
240 silly addNameRange     '0.5.0',
240 silly addNameRange     '0.5.1',
240 silly addNameRange     '0.5.2',
240 silly addNameRange     '0.6.0',
240 silly addNameRange     '0.7.0',
240 silly addNameRange     '0.7.1',
240 silly addNameRange     '0.8.0',
240 silly addNameRange     '1.0.0',
240 silly addNameRange     '1.1.0',
240 silly addNameRange     '1.1.1',
240 silly addNameRange     '1.1.2',
240 silly addNameRange     '1.2.0',
240 silly addNameRange     '1.3.0',
240 silly addNameRange     '1.4.0',
240 silly addNameRange     '1.4.1',
240 silly addNameRange     '1.5.0',
240 silly addNameRange     '1.4.2',
240 silly addNameRange     '1.4.3',
240 silly addNameRange     '1.5.1',
240 silly addNameRange     '1.5.2',
240 silly addNameRange     '1.6.0',
240 silly addNameRange     '1.5.3',
240 silly addNameRange     '1.6.1',
240 silly addNameRange     '1.6.2',
240 silly addNameRange     '1.7.0',
240 silly addNameRange     '1.8.0',
240 silly addNameRange     '1.8.1',
240 silly addNameRange     '1.8.2',
240 silly addNameRange     '1.8.3',
240 silly addNameRange     '1.8.4',
240 silly addNameRange     '1.9.0',
240 silly addNameRange     '2.0.0',
240 silly addNameRange     '2.0.1',
240 silly addNameRange     '2.0.2',
240 silly addNameRange     '2.0.3',
240 silly addNameRange     '2.0.4',
240 silly addNameRange     '2.0.5',
240 silly addNameRange     '2.0.6',
240 silly addNameRange     '2.0.7',
240 silly addNameRange     '2.0.8',
240 silly addNameRange     '2.0.9',
240 silly addNameRange     '2.1.0',
240 silly addNameRange     '2.2.0',
240 silly addNameRange     '2.2.1' ] ]
241 silly addNamed nan@2.2.1
242 verbose addNamed "2.2.1" is a plain semver version for nan
243 silly cache afterAdd nan@2.2.1
244 verbose afterAdd /Users/Warren/.npm/nan/2.2.1/package/package.json not in flight; writing
245 verbose afterAdd /Users/Warren/.npm/nan/2.2.1/package/package.json written
246 silly install resolved [ { name: 'nan',
246 silly install resolved     version: '2.2.1',
246 silly install resolved     description: 'Native Abstractions for Node.js: C++ header for Node 0.8 -> 4 compatibility',
246 silly install resolved     main: 'include_dirs.js',
246 silly install resolved     repository: { type: 'git', url: 'git://github.com/nodejs/nan.git' },
246 silly install resolved     scripts:
246 silly install resolved      { test: 'tap --gc test/js/*-test.js',
246 silly install resolved        'rebuild-tests': 'node-gyp rebuild --msvs_version=2013 --directory test',
246 silly install resolved        docs: 'doc/.build.sh' },
246 silly install resolved     contributors:
246 silly install resolved      [ [Object],
246 silly install resolved        [Object],
246 silly install resolved        [Object],
246 silly install resolved        [Object],
246 silly install resolved        [Object],
246 silly install resolved        [Object],
246 silly install resolved        [Object] ],
246 silly install resolved     devDependencies:
246 silly install resolved      { bindings: '~1.2.1',
246 silly install resolved        commander: '^2.8.1',
246 silly install resolved        glob: '^5.0.14',
246 silly install resolved        'node-gyp': '~3.0.1',
246 silly install resolved        tap: '~0.7.1',
246 silly install resolved        xtend: '~4.0.0' },
246 silly install resolved     license: 'MIT',
246 silly install resolved     bugs: { url: 'https://github.com/nodejs/nan/issues' },
246 silly install resolved     homepage: 'https://github.com/nodejs/nan#readme',
246 silly install resolved     _id: 'nan@2.2.1',
246 silly install resolved     _shasum: 'd68693f6b34bb41d66bc68b3a4f9defc79d7149b',
246 silly install resolved     _resolved: 'https://registry.npmjs.org/nan/-/nan-2.2.1.tgz',
246 silly install resolved     _from: 'nan@>=2.0.9 <3.0.0',
246 silly install resolved     _npmVersion: '3.3.6',
246 silly install resolved     _nodeVersion: '5.0.0',
246 silly install resolved     _npmUser: { name: 'kkoopa', email: 'bbyholm@abo.fi' },
246 silly install resolved     dist:
246 silly install resolved      { shasum: 'd68693f6b34bb41d66bc68b3a4f9defc79d7149b',
246 silly install resolved        tarball: 'http://registry.npmjs.org/nan/-/nan-2.2.1.tgz' },
246 silly install resolved     maintainers: [ [Object], [Object] ],
246 silly install resolved     _npmOperationalInternal:
246 silly install resolved      { host: 'packages-12-west.internal.npmjs.com',
246 silly install resolved        tmp: 'tmp/nan-2.2.1.tgz_1459265439909_0.12396649201400578' },
246 silly install resolved     directories: {},
246 silly install resolved     readme: 'ERROR: No README data found!' } ]
247 info install nan@2.2.1 into /Users/Warren/QSelf/node-pi/node_modules/hidstream/node_modules/node-hid
248 info installOne nan@2.2.1
249 verbose installOne of nan to /Users/Warren/QSelf/node-pi/node_modules/hidstream/node_modules/node-hid not in flight; installing
250 verbose lock using /Users/Warren/.npm/_locks/nan-3652976d3e05a725.lock for /Users/Warren/QSelf/node-pi/node_modules/hidstream/node_modules/node-hid/node_modules/nan
251 silly install write writing nan 2.2.1 to /Users/Warren/QSelf/node-pi/node_modules/hidstream/node_modules/node-hid/node_modules/nan
252 verbose unbuild node_modules/hidstream/node_modules/node-hid/node_modules/nan
253 silly gentlyRm /Users/Warren/QSelf/node-pi/node_modules/hidstream/node_modules/node-hid/node_modules/nan is being purged from base /Users/Warren/QSelf/node-pi
254 verbose gentlyRm don't care about contents; nuking /Users/Warren/QSelf/node-pi/node_modules/hidstream/node_modules/node-hid/node_modules/nan
255 verbose tar unpack /Users/Warren/.npm/nan/2.2.1/package.tgz
256 verbose tar unpacking to /Users/Warren/QSelf/node-pi/node_modules/hidstream/node_modules/node-hid/node_modules/nan
257 silly gentlyRm /Users/Warren/QSelf/node-pi/node_modules/hidstream/node_modules/node-hid/node_modules/nan is being purged
258 verbose gentlyRm don't care about contents; nuking /Users/Warren/QSelf/node-pi/node_modules/hidstream/node_modules/node-hid/node_modules/nan
259 silly gunzTarPerm modes [ '755', '644' ]
260 silly gunzTarPerm extractEntry package.json
261 silly gunzTarPerm modified mode [ 'package.json', 436, 420 ]
262 silly gunzTarPerm extractEntry include_dirs.js
263 silly gunzTarPerm modified mode [ 'include_dirs.js', 436, 420 ]
264 silly gunzTarPerm extractEntry nan_converters.h
265 silly gunzTarPerm modified mode [ 'nan_converters.h', 436, 420 ]
266 silly gunzTarPerm extractEntry LICENSE.md
267 silly gunzTarPerm modified mode [ 'LICENSE.md', 436, 420 ]
268 silly gunzTarPerm extractEntry .dntrc
269 silly gunzTarPerm modified mode [ '.dntrc', 436, 420 ]
270 silly gunzTarPerm extractEntry appveyor.yml
271 silly gunzTarPerm modified mode [ 'appveyor.yml', 436, 420 ]
272 silly gunzTarPerm extractEntry doc/new.md
273 silly gunzTarPerm modified mode [ 'doc/new.md', 436, 420 ]
274 silly gunzTarPerm extractEntry doc/.build.sh
275 silly gunzTarPerm modified mode [ 'doc/.build.sh', 509, 493 ]
276 silly gunzTarPerm extractEntry doc/buffers.md
277 silly gunzTarPerm modified mode [ 'doc/buffers.md', 436, 420 ]
278 silly gunzTarPerm extractEntry doc/callback.md
279 silly gunzTarPerm modified mode [ 'doc/callback.md', 436, 420 ]
280 silly gunzTarPerm extractEntry doc/converters.md
281 silly gunzTarPerm modified mode [ 'doc/converters.md', 436, 420 ]
282 silly gunzTarPerm extractEntry doc/errors.md
283 silly gunzTarPerm modified mode [ 'doc/errors.md', 436, 420 ]
284 silly gunzTarPerm extractEntry doc/maybe_types.md
285 silly gunzTarPerm modified mode [ 'doc/maybe_types.md', 436, 420 ]
286 silly gunzTarPerm extractEntry doc/methods.md
287 silly gunzTarPerm modified mode [ 'doc/methods.md', 436, 420 ]
288 silly gunzTarPerm extractEntry doc/asyncworker.md
289 silly gunzTarPerm modified mode [ 'doc/asyncworker.md', 436, 420 ]
290 silly gunzTarPerm extractEntry doc/node_misc.md
291 silly gunzTarPerm modified mode [ 'doc/node_misc.md', 436, 420 ]
292 silly gunzTarPerm extractEntry doc/object_wrappers.md
293 silly gunzTarPerm modified mode [ 'doc/object_wrappers.md', 436, 420 ]
294 silly gunzTarPerm extractEntry doc/persistent.md
295 silly gunzTarPerm modified mode [ 'doc/persistent.md', 436, 420 ]
296 silly gunzTarPerm extractEntry doc/scopes.md
297 silly gunzTarPerm modified mode [ 'doc/scopes.md', 436, 420 ]
298 silly gunzTarPerm extractEntry doc/script.md
299 silly gunzTarPerm modified mode [ 'doc/script.md', 436, 420 ]
300 silly gunzTarPerm extractEntry doc/string_bytes.md
301 silly gunzTarPerm modified mode [ 'doc/string_bytes.md', 436, 420 ]
302 silly gunzTarPerm extractEntry doc/v8_internals.md
303 silly gunzTarPerm modified mode [ 'doc/v8_internals.md', 436, 420 ]
304 silly gunzTarPerm extractEntry doc/v8_misc.md
305 silly gunzTarPerm modified mode [ 'doc/v8_misc.md', 436, 420 ]
306 silly gunzTarPerm extractEntry nan.h
307 silly gunzTarPerm modified mode [ 'nan.h', 436, 420 ]
308 silly gunzTarPerm extractEntry nan_callbacks.h
309 silly gunzTarPerm modified mode [ 'nan_callbacks.h', 436, 420 ]
310 silly gunzTarPerm extractEntry nan_callbacks_12_inl.h
311 silly gunzTarPerm modified mode [ 'nan_callbacks_12_inl.h', 436, 420 ]
312 silly gunzTarPerm extractEntry nan_callbacks_pre_12_inl.h
313 silly gunzTarPerm modified mode [ 'nan_callbacks_pre_12_inl.h', 436, 420 ]
314 silly gunzTarPerm extractEntry nan_converters_43_inl.h
315 silly gunzTarPerm modified mode [ 'nan_converters_43_inl.h', 436, 420 ]
316 silly gunzTarPerm extractEntry nan_converters_pre_43_inl.h
317 silly gunzTarPerm modified mode [ 'nan_converters_pre_43_inl.h', 436, 420 ]
318 silly gunzTarPerm extractEntry nan_implementation_12_inl.h
319 silly gunzTarPerm modified mode [ 'nan_implementation_12_inl.h', 436, 420 ]
320 silly gunzTarPerm extractEntry nan_implementation_pre_12_inl.h
321 silly gunzTarPerm modified mode [ 'nan_implementation_pre_12_inl.h', 436, 420 ]
322 silly gunzTarPerm extractEntry nan_maybe_43_inl.h
323 silly gunzTarPerm modified mode [ 'nan_maybe_43_inl.h', 436, 420 ]
324 silly gunzTarPerm extractEntry nan_maybe_pre_43_inl.h
325 silly gunzTarPerm modified mode [ 'nan_maybe_pre_43_inl.h', 436, 420 ]
326 silly gunzTarPerm extractEntry nan_new.h
327 silly gunzTarPerm modified mode [ 'nan_new.h', 436, 420 ]
328 silly gunzTarPerm extractEntry nan_object_wrap.h
329 silly gunzTarPerm modified mode [ 'nan_object_wrap.h', 436, 420 ]
330 silly gunzTarPerm extractEntry nan_persistent_12_inl.h
331 silly gunzTarPerm modified mode [ 'nan_persistent_12_inl.h', 436, 420 ]
332 silly gunzTarPerm extractEntry nan_persistent_pre_12_inl.h
333 silly gunzTarPerm modified mode [ 'nan_persistent_pre_12_inl.h', 436, 420 ]
334 silly gunzTarPerm extractEntry nan_string_bytes.h
335 silly gunzTarPerm modified mode [ 'nan_string_bytes.h', 436, 420 ]
336 silly gunzTarPerm extractEntry nan_typedarray_contents.h
337 silly gunzTarPerm modified mode [ 'nan_typedarray_contents.h', 436, 420 ]
338 silly gunzTarPerm extractEntry nan_weak.h
339 silly gunzTarPerm modified mode [ 'nan_weak.h', 436, 420 ]
340 silly gunzTarPerm extractEntry CHANGELOG.md
341 silly gunzTarPerm modified mode [ 'CHANGELOG.md', 436, 420 ]
342 silly gunzTarPerm extractEntry tools/package.json
343 silly gunzTarPerm modified mode [ 'tools/package.json', 436, 420 ]
344 silly gunzTarPerm extractEntry tools/README.md
345 silly gunzTarPerm modified mode [ 'tools/README.md', 436, 420 ]
346 silly gunzTarPerm extractEntry tools/1to2.js
347 silly gunzTarPerm modified mode [ 'tools/1to2.js', 509, 493 ]
348 verbose write writing to /Users/Warren/QSelf/node-pi/node_modules/hidstream/node_modules/node-hid/node_modules/nan/package.json
349 info preinstall nan@2.2.1
350 verbose readDependencies loading dependencies from /Users/Warren/QSelf/node-pi/node_modules/hidstream/node_modules/node-hid/node_modules/nan/package.json
351 verbose readDependencies loading dependencies from /Users/Warren/QSelf/node-pi/node_modules/hidstream/node_modules/node-hid/node_modules/nan/package.json
352 silly install resolved []
353 verbose about to build /Users/Warren/QSelf/node-pi/node_modules/hidstream/node_modules/node-hid/node_modules/nan
354 info build /Users/Warren/QSelf/node-pi/node_modules/hidstream/node_modules/node-hid/node_modules/nan
355 info linkStuff nan@2.2.1
356 silly linkStuff nan@2.2.1 has /Users/Warren/QSelf/node-pi/node_modules/hidstream/node_modules/node-hid/node_modules as its parent node_modules
357 verbose linkBins nan@2.2.1
358 verbose linkMans nan@2.2.1
359 verbose rebuildBundles nan@2.2.1
360 info install nan@2.2.1
361 info postinstall nan@2.2.1
362 verbose unlock done using /Users/Warren/.npm/_locks/nan-3652976d3e05a725.lock for /Users/Warren/QSelf/node-pi/node_modules/hidstream/node_modules/node-hid/node_modules/nan
363 verbose about to build /Users/Warren/QSelf/node-pi/node_modules/hidstream/node_modules/node-hid
364 info build /Users/Warren/QSelf/node-pi/node_modules/hidstream/node_modules/node-hid
365 info linkStuff node-hid@0.4.1
366 silly linkStuff node-hid@0.4.1 has /Users/Warren/QSelf/node-pi/node_modules/hidstream/node_modules as its parent node_modules
367 verbose linkBins node-hid@0.4.1
368 verbose linkMans node-hid@0.4.1
369 verbose rebuildBundles node-hid@0.4.1
370 verbose rebuildBundles [ 'nan' ]
371 info install node-hid@0.4.1
372 verbose unsafe-perm in lifecycle true
373 info node-hid@0.4.1 Failed to exec install script
374 verbose unlock done using /Users/Warren/.npm/_locks/node-hid-b95950cf88f1a270.lock for /Users/Warren/QSelf/node-pi/node_modules/hidstream/node_modules/node-hid
375 verbose about to build /Users/Warren/QSelf/node-pi/node_modules/hidstream
376 verbose unlock done using /Users/Warren/.npm/_locks/hidstream-60be7a4358e22f80.lock for /Users/Warren/QSelf/node-pi/node_modules/hidstream
377 verbose stack Error: node-hid@0.4.1 install: `node-gyp rebuild`
377 verbose stack Exit status 1
377 verbose stack     at EventEmitter.<anonymous> (/usr/local/lib/node_modules/npm/lib/utils/lifecycle.js:214:16)
377 verbose stack     at EventEmitter.emit (events.js:98:17)
377 verbose stack     at ChildProcess.<anonymous> (/usr/local/lib/node_modules/npm/lib/utils/spawn.js:24:14)
377 verbose stack     at ChildProcess.emit (events.js:98:17)
377 verbose stack     at maybeClose (child_process.js:766:16)
377 verbose stack     at Process.ChildProcess._handle.onexit (child_process.js:833:5)
378 verbose pkgid node-hid@0.4.1
379 verbose cwd /Users/Warren/QSelf/node-pi
380 error Darwin 15.4.0
381 error argv "node" "/usr/local/bin/npm" "install" "--save" "hidstream"
382 error node v0.10.38
383 error npm  v2.14.1
384 error code ELIFECYCLE
385 error node-hid@0.4.1 install: `node-gyp rebuild`
385 error Exit status 1
386 error Failed at the node-hid@0.4.1 install script 'node-gyp rebuild'.
386 error This is most likely a problem with the node-hid package,
386 error not with npm itself.
386 error Tell the author that this fails on your system:
386 error     node-gyp rebuild
386 error You can get their info via:
386 error     npm owner ls node-hid
386 error There is likely additional logging output above.
387 verbose exit [ 1, true ]
388 verbose unbuild node_modules/hidstream/node_modules/node-hid
389 info preuninstall node-hid@0.4.1
390 info uninstall node-hid@0.4.1
391 verbose unbuild rmStuff node-hid@0.4.1 from /Users/Warren/QSelf/node-pi/node_modules
392 verbose unbuild rmStuff in /Users/Warren/QSelf/node-pi/node_modules/hidstream/node_modules
393 info postuninstall node-hid@0.4.1
394 silly gentlyRm /Users/Warren/QSelf/node-pi/node_modules/hidstream/node_modules/node-hid is being purged from base /Users/Warren/QSelf/node-pi
395 verbose gentlyRm don't care about contents; nuking /Users/Warren/QSelf/node-pi/node_modules/hidstream/node_modules/node-hid
396 silly vacuum-fs purging /Users/Warren/QSelf/node-pi/node_modules/hidstream/node_modules/node-hid
397 silly vacuum-fs removing /Users/Warren/QSelf/node-pi/node_modules/hidstream/node_modules
398 silly vacuum-fs quitting because other entries in /Users/Warren/QSelf/node-pi/node_modules/hidstream
399 verbose unbuild node_modules/hidstream
400 info preuninstall hidstream@2.0.1
401 info uninstall hidstream@2.0.1
402 verbose unbuild rmStuff hidstream@2.0.1 from /Users/Warren/QSelf/node-pi/node_modules
403 info postuninstall hidstream@2.0.1
404 silly gentlyRm /Users/Warren/QSelf/node-pi/node_modules/hidstream is being purged from base /Users/Warren/QSelf/node-pi
405 verbose gentlyRm don't care about contents; nuking /Users/Warren/QSelf/node-pi/node_modules/hidstream
406 silly vacuum-fs purging /Users/Warren/QSelf/node-pi/node_modules/hidstream
407 silly vacuum-fs quitting because other entries in /Users/Warren/QSelf/node-pi/node_modules
